<?xml version="1.0" encoding="UTF-8"?>
<testsuite xmlns:xsi="http://www.w3.org/2001/XMLSchema-instance" xsi:noNamespaceSchemaLocation="https://maven.apache.org/surefire/maven-surefire-plugin/xsd/surefire-test-report-3.0.xsd" version="3.0" name="com.crowvinyl.iotturntables.AppTest" time="0.018" tests="1" errors="0" skipped="0" failures="0">
  <properties>
    <property name="java.specification.version" value="20"/>
    <property name="sun.jnu.encoding" value="UTF-8"/>
    <property name="java.class.path" value="/Users/coopermiller/Development/GitHub/aws-kinesis-stock-data-processing/application/iot-turntables/target/test-classes:/Users/coopermiller/Development/GitHub/aws-kinesis-stock-data-processing/application/iot-turntables/target/classes:/Users/coopermiller/.m2/repository/com/amazonaws/amazon-kinesis-client/1.14.8/amazon-kinesis-client-1.14.8.jar:/Users/coopermiller/.m2/repository/com/amazonaws/aws-java-sdk-dynamodb/1.12.130/aws-java-sdk-dynamodb-1.12.130.jar:/Users/coopermiller/.m2/repository/com/amazonaws/aws-java-sdk-s3/1.12.130/aws-java-sdk-s3-1.12.130.jar:/Users/coopermiller/.m2/repository/com/amazonaws/aws-java-sdk-kms/1.12.130/aws-java-sdk-kms-1.12.130.jar:/Users/coopermiller/.m2/repository/com/amazonaws/aws-java-sdk-cloudwatch/1.12.130/aws-java-sdk-cloudwatch-1.12.130.jar:/Users/coopermiller/.m2/repository/com/google/guava/guava/31.0.1-jre/guava-31.0.1-jre.jar:/Users/coopermiller/.m2/repository/com/google/guava/failureaccess/1.0.1/failureaccess-1.0.1.jar:/Users/coopermiller/.m2/repository/com/google/guava/listenablefuture/9999.0-empty-to-avoid-conflict-with-guava/listenablefuture-9999.0-empty-to-avoid-conflict-with-guava.jar:/Users/coopermiller/.m2/repository/com/google/code/findbugs/jsr305/3.0.2/jsr305-3.0.2.jar:/Users/coopermiller/.m2/repository/org/checkerframework/checker-qual/3.12.0/checker-qual-3.12.0.jar:/Users/coopermiller/.m2/repository/com/google/errorprone/error_prone_annotations/2.7.1/error_prone_annotations-2.7.1.jar:/Users/coopermiller/.m2/repository/com/google/j2objc/j2objc-annotations/1.3/j2objc-annotations-1.3.jar:/Users/coopermiller/.m2/repository/org/apache/commons/commons-lang3/3.12.0/commons-lang3-3.12.0.jar:/Users/coopermiller/.m2/repository/commons-logging/commons-logging/1.2/commons-logging-1.2.jar:/Users/coopermiller/.m2/repository/com/fasterxml/jackson/core/jackson-core/2.13.0/jackson-core-2.13.0.jar:/Users/coopermiller/.m2/repository/com/amazonaws/amazon-kinesis-producer/0.15.7/amazon-kinesis-producer-0.15.7.jar:/Users/coopermiller/.m2/repository/org/slf4j/slf4j-api/2.0.0/slf4j-api-2.0.0.jar:/Users/coopermiller/.m2/repository/com/google/protobuf/protobuf-java/3.21.12/protobuf-java-3.21.12.jar:/Users/coopermiller/.m2/repository/commons-io/commons-io/2.11.0/commons-io-2.11.0.jar:/Users/coopermiller/.m2/repository/commons-lang/commons-lang/2.6/commons-lang-2.6.jar:/Users/coopermiller/.m2/repository/software/amazon/glue/schema-registry-serde/1.1.13/schema-registry-serde-1.1.13.jar:/Users/coopermiller/.m2/repository/com/amazonaws/aws-java-sdk-sts/1.12.151/aws-java-sdk-sts-1.12.151.jar:/Users/coopermiller/.m2/repository/software/amazon/awssdk/sts/2.17.122/sts-2.17.122.jar:/Users/coopermiller/.m2/repository/software/amazon/awssdk/aws-query-protocol/2.17.122/aws-query-protocol-2.17.122.jar:/Users/coopermiller/.m2/repository/software/amazon/awssdk/protocol-core/2.17.122/protocol-core-2.17.122.jar:/Users/coopermiller/.m2/repository/software/amazon/awssdk/profiles/2.17.122/profiles-2.17.122.jar:/Users/coopermiller/.m2/repository/software/amazon/awssdk/sdk-core/2.17.122/sdk-core-2.17.122.jar:/Users/coopermiller/.m2/repository/org/reactivestreams/reactive-streams/1.0.3/reactive-streams-1.0.3.jar:/Users/coopermiller/.m2/repository/software/amazon/awssdk/auth/2.17.122/auth-2.17.122.jar:/Users/coopermiller/.m2/repository/software/amazon/awssdk/json-utils/2.17.122/json-utils-2.17.122.jar:/Users/coopermiller/.m2/repository/software/amazon/eventstream/eventstream/1.0.1/eventstream-1.0.1.jar:/Users/coopermiller/.m2/repository/software/amazon/awssdk/http-client-spi/2.17.122/http-client-spi-2.17.122.jar:/Users/coopermiller/.m2/repository/software/amazon/awssdk/regions/2.17.122/regions-2.17.122.jar:/Users/coopermiller/.m2/repository/software/amazon/awssdk/annotations/2.17.122/annotations-2.17.122.jar:/Users/coopermiller/.m2/repository/software/amazon/awssdk/utils/2.17.122/utils-2.17.122.jar:/Users/coopermiller/.m2/repository/software/amazon/awssdk/aws-core/2.17.122/aws-core-2.17.122.jar:/Users/coopermiller/.m2/repository/software/amazon/awssdk/metrics-spi/2.17.122/metrics-spi-2.17.122.jar:/Users/coopermiller/.m2/repository/software/amazon/awssdk/apache-client/2.17.122/apache-client-2.17.122.jar:/Users/coopermiller/.m2/repository/software/amazon/awssdk/netty-nio-client/2.17.122/netty-nio-client-2.17.122.jar:/Users/coopermiller/.m2/repository/io/netty/netty-codec-http/4.1.72.Final/netty-codec-http-4.1.72.Final.jar:/Users/coopermiller/.m2/repository/io/netty/netty-codec-http2/4.1.72.Final/netty-codec-http2-4.1.72.Final.jar:/Users/coopermiller/.m2/repository/io/netty/netty-codec/4.1.72.Final/netty-codec-4.1.72.Final.jar:/Users/coopermiller/.m2/repository/io/netty/netty-transport/4.1.72.Final/netty-transport-4.1.72.Final.jar:/Users/coopermiller/.m2/repository/io/netty/netty-resolver/4.1.72.Final/netty-resolver-4.1.72.Final.jar:/Users/coopermiller/.m2/repository/io/netty/netty-common/4.1.72.Final/netty-common-4.1.72.Final.jar:/Users/coopermiller/.m2/repository/io/netty/netty-buffer/4.1.72.Final/netty-buffer-4.1.72.Final.jar:/Users/coopermiller/.m2/repository/io/netty/netty-handler/4.1.72.Final/netty-handler-4.1.72.Final.jar:/Users/coopermiller/.m2/repository/io/netty/netty-tcnative-classes/2.0.46.Final/netty-tcnative-classes-2.0.46.Final.jar:/Users/coopermiller/.m2/repository/io/netty/netty-transport-classes-epoll/4.1.72.Final/netty-transport-classes-epoll-4.1.72.Final.jar:/Users/coopermiller/.m2/repository/io/netty/netty-transport-native-unix-common/4.1.72.Final/netty-transport-native-unix-common-4.1.72.Final.jar:/Users/coopermiller/.m2/repository/com/typesafe/netty/netty-reactive-streams-http/2.0.5/netty-reactive-streams-http-2.0.5.jar:/Users/coopermiller/.m2/repository/com/typesafe/netty/netty-reactive-streams/2.0.5/netty-reactive-streams-2.0.5.jar:/Users/coopermiller/.m2/repository/software/amazon/glue/schema-registry-common/1.1.13/schema-registry-common-1.1.13.jar:/Users/coopermiller/.m2/repository/software/amazon/awssdk/glue/2.17.122/glue-2.17.122.jar:/Users/coopermiller/.m2/repository/software/amazon/glue/schema-registry-build-tools/1.1.13/schema-registry-build-tools-1.1.13.jar:/Users/coopermiller/.m2/repository/software/amazon/awssdk/aws-json-protocol/2.17.122/aws-json-protocol-2.17.122.jar:/Users/coopermiller/.m2/repository/software/amazon/awssdk/third-party-jackson-core/2.17.122/third-party-jackson-core-2.17.122.jar:/Users/coopermiller/.m2/repository/software/amazon/awssdk/url-connection-client/2.17.122/url-connection-client-2.17.122.jar:/Users/coopermiller/.m2/repository/org/apache/avro/avro/1.11.0/avro-1.11.0.jar:/Users/coopermiller/.m2/repository/org/apache/commons/commons-compress/1.21/commons-compress-1.21.jar:/Users/coopermiller/.m2/repository/org/projectlombok/lombok/1.18.20/lombok-1.18.20.jar:/Users/coopermiller/.m2/repository/org/projectlombok/lombok-utils/1.18.12/lombok-utils-1.18.12.jar:/Users/coopermiller/.m2/repository/software/amazon/awssdk/arns/2.17.122/arns-2.17.122.jar:/Users/coopermiller/.m2/repository/org/apache/kafka/kafka-clients/2.8.1/kafka-clients-2.8.1.jar:/Users/coopermiller/.m2/repository/com/github/luben/zstd-jni/1.4.9-1/zstd-jni-1.4.9-1.jar:/Users/coopermiller/.m2/repository/org/lz4/lz4-java/1.7.1/lz4-java-1.7.1.jar:/Users/coopermiller/.m2/repository/org/xerial/snappy/snappy-java/1.1.8.1/snappy-java-1.1.8.1.jar:/Users/coopermiller/.m2/repository/com/kjetland/mbknor-jackson-jsonschema_2.12/1.0.39/mbknor-jackson-jsonschema_2.12-1.0.39.jar:/Users/coopermiller/.m2/repository/org/scala-lang/scala-library/2.12.10/scala-library-2.12.10.jar:/Users/coopermiller/.m2/repository/javax/validation/validation-api/2.0.1.Final/validation-api-2.0.1.Final.jar:/Users/coopermiller/.m2/repository/io/github/classgraph/classgraph/4.8.120/classgraph-4.8.120.jar:/Users/coopermiller/.m2/repository/com/github/erosb/everit-json-schema/1.12.2/everit-json-schema-1.12.2.jar:/Users/coopermiller/.m2/repository/org/json/json/20201115/json-20201115.jar:/Users/coopermiller/.m2/repository/commons-validator/commons-validator/1.6/commons-validator-1.6.jar:/Users/coopermiller/.m2/repository/commons-digester/commons-digester/1.8.1/commons-digester-1.8.1.jar:/Users/coopermiller/.m2/repository/commons-collections/commons-collections/3.2.2/commons-collections-3.2.2.jar:/Users/coopermiller/.m2/repository/com/damnhandy/handy-uri-templates/2.1.8/handy-uri-templates-2.1.8.jar:/Users/coopermiller/.m2/repository/com/google/re2j/re2j/1.3/re2j-1.3.jar:/Users/coopermiller/.m2/repository/org/jetbrains/kotlin/kotlin-stdlib/1.7.10/kotlin-stdlib-1.7.10.jar:/Users/coopermiller/.m2/repository/org/jetbrains/kotlin/kotlin-stdlib-common/1.7.10/kotlin-stdlib-common-1.7.10.jar:/Users/coopermiller/.m2/repository/org/jetbrains/annotations/13.0/annotations-13.0.jar:/Users/coopermiller/.m2/repository/org/jetbrains/kotlin/kotlin-stdlib-jdk8/1.7.10/kotlin-stdlib-jdk8-1.7.10.jar:/Users/coopermiller/.m2/repository/org/jetbrains/kotlin/kotlin-stdlib-jdk7/1.7.10/kotlin-stdlib-jdk7-1.7.10.jar:/Users/coopermiller/.m2/repository/org/jetbrains/kotlin/kotlin-reflect/1.7.10/kotlin-reflect-1.7.10.jar:/Users/coopermiller/.m2/repository/org/jetbrains/kotlin/kotlin-scripting-compiler-impl-embeddable/1.7.10/kotlin-scripting-compiler-impl-embeddable-1.7.10.jar:/Users/coopermiller/.m2/repository/org/jetbrains/kotlin/kotlin-scripting-common/1.7.10/kotlin-scripting-common-1.7.10.jar:/Users/coopermiller/.m2/repository/org/jetbrains/kotlin/kotlin-scripting-jvm/1.7.10/kotlin-scripting-jvm-1.7.10.jar:/Users/coopermiller/.m2/repository/org/jetbrains/kotlin/kotlin-script-runtime/1.7.10/kotlin-script-runtime-1.7.10.jar:/Users/coopermiller/.m2/repository/org/jetbrains/kotlin/kotlin-scripting-compiler-embeddable/1.7.10/kotlin-scripting-compiler-embeddable-1.7.10.jar:/Users/coopermiller/.m2/repository/org/jetbrains/kotlinx/kotlinx-serialization-core-jvm/1.4.0/kotlinx-serialization-core-jvm-1.4.0.jar:/Users/coopermiller/.m2/repository/com/squareup/wire/wire-schema/3.7.1/wire-schema-3.7.1.jar:/Users/coopermiller/.m2/repository/com/squareup/wire/wire-runtime/3.7.1/wire-runtime-3.7.1.jar:/Users/coopermiller/.m2/repository/com/squareup/okio/okio/2.8.0/okio-2.8.0.jar:/Users/coopermiller/.m2/repository/com/squareup/wire/wire-compiler/3.7.1/wire-compiler-3.7.1.jar:/Users/coopermiller/.m2/repository/com/squareup/wire/wire-kotlin-generator/3.7.1/wire-kotlin-generator-3.7.1.jar:/Users/coopermiller/.m2/repository/com/squareup/kotlinpoet/1.7.2/kotlinpoet-1.7.2.jar:/Users/coopermiller/.m2/repository/com/squareup/wire/wire-grpc-server-generator/3.7.1/wire-grpc-server-generator-3.7.1.jar:/Users/coopermiller/.m2/repository/com/squareup/wire/wire-java-generator/3.7.1/wire-java-generator-3.7.1.jar:/Users/coopermiller/.m2/repository/com/squareup/javapoet/1.13.0/javapoet-1.13.0.jar:/Users/coopermiller/.m2/repository/com/squareup/wire/wire-swift-generator/3.7.1/wire-swift-generator-3.7.1.jar:/Users/coopermiller/.m2/repository/io/outfoxx/swiftpoet/1.0.0/swiftpoet-1.0.0.jar:/Users/coopermiller/.m2/repository/com/squareup/wire/wire-profiles/3.7.1/wire-profiles-3.7.1.jar:/Users/coopermiller/.m2/repository/com/charleskorn/kaml/kaml/0.20.0/kaml-0.20.0.jar:/Users/coopermiller/.m2/repository/org/snakeyaml/snakeyaml-engine/2.1/snakeyaml-engine-2.1.jar:/Users/coopermiller/.m2/repository/com/google/api/grpc/proto-google-common-protos/2.7.4/proto-google-common-protos-2.7.4.jar:/Users/coopermiller/.m2/repository/com/google/jimfs/jimfs/1.1/jimfs-1.1.jar:/Users/coopermiller/.m2/repository/javax/xml/bind/jaxb-api/2.3.1/jaxb-api-2.3.1.jar:/Users/coopermiller/.m2/repository/javax/activation/javax.activation-api/1.2.0/javax.activation-api-1.2.0.jar:/Users/coopermiller/.m2/repository/com/sun/xml/bind/jaxb-core/2.3.0.1/jaxb-core-2.3.0.1.jar:/Users/coopermiller/.m2/repository/com/sun/xml/bind/jaxb-impl/2.3.7/jaxb-impl-2.3.7.jar:/Users/coopermiller/.m2/repository/jakarta/xml/bind/jakarta.xml.bind-api/2.3.3/jakarta.xml.bind-api-2.3.3.jar:/Users/coopermiller/.m2/repository/com/sun/activation/jakarta.activation/1.2.2/jakarta.activation-1.2.2.jar:/Users/coopermiller/.m2/repository/com/amazonaws/aws-java-sdk-core/1.12.296/aws-java-sdk-core-1.12.296.jar:/Users/coopermiller/.m2/repository/commons-codec/commons-codec/1.15/commons-codec-1.15.jar:/Users/coopermiller/.m2/repository/org/apache/httpcomponents/httpclient/4.5.13/httpclient-4.5.13.jar:/Users/coopermiller/.m2/repository/org/apache/httpcomponents/httpcore/4.4.13/httpcore-4.4.13.jar:/Users/coopermiller/.m2/repository/software/amazon/ion/ion-java/1.0.2/ion-java-1.0.2.jar:/Users/coopermiller/.m2/repository/com/fasterxml/jackson/core/jackson-databind/2.12.6.1/jackson-databind-2.12.6.1.jar:/Users/coopermiller/.m2/repository/com/fasterxml/jackson/core/jackson-annotations/2.12.6/jackson-annotations-2.12.6.jar:/Users/coopermiller/.m2/repository/com/fasterxml/jackson/dataformat/jackson-dataformat-cbor/2.12.6/jackson-dataformat-cbor-2.12.6.jar:/Users/coopermiller/.m2/repository/joda-time/joda-time/2.8.1/joda-time-2.8.1.jar:/Users/coopermiller/.m2/repository/com/amazonaws/aws-java-sdk-kinesis/1.12.296/aws-java-sdk-kinesis-1.12.296.jar:/Users/coopermiller/.m2/repository/com/amazonaws/jmespath-java/1.12.296/jmespath-java-1.12.296.jar:/Users/coopermiller/.m2/repository/junit/junit/3.8.1/junit-3.8.1.jar:"/>
    <property name="java.vm.vendor" value="Homebrew"/>
    <property name="sun.arch.data.model" value="64"/>
    <property name="java.vendor.url" value="https://github.com/Homebrew/homebrew-core/issues"/>
    <property name="os.name" value="Mac OS X"/>
    <property name="java.vm.specification.version" value="20"/>
    <property name="sun.java.launcher" value="SUN_STANDARD"/>
    <property name="user.country" value="US"/>
    <property name="sun.boot.library.path" value="/opt/homebrew/Cellar/openjdk/20.0.1/libexec/openjdk.jdk/Contents/Home/lib"/>
    <property name="sun.java.command" value="/Users/coopermiller/Development/GitHub/aws-kinesis-stock-data-processing/application/iot-turntables/target/surefire/surefirebooter-20230530151224827_3.jar /Users/coopermiller/Development/GitHub/aws-kinesis-stock-data-processing/application/iot-turntables/target/surefire 2023-05-30T15-12-24_753-jvmRun1 surefire-20230530151224827_1tmp surefire_0-20230530151224827_2tmp"/>
    <property name="http.nonProxyHosts" value="local|*.local|169.254/16|*.169.254/16"/>
    <property name="jdk.debug" value="release"/>
    <property name="surefire.test.class.path" value="/Users/coopermiller/Development/GitHub/aws-kinesis-stock-data-processing/application/iot-turntables/target/test-classes:/Users/coopermiller/Development/GitHub/aws-kinesis-stock-data-processing/application/iot-turntables/target/classes:/Users/coopermiller/.m2/repository/com/amazonaws/amazon-kinesis-client/1.14.8/amazon-kinesis-client-1.14.8.jar:/Users/coopermiller/.m2/repository/com/amazonaws/aws-java-sdk-dynamodb/1.12.130/aws-java-sdk-dynamodb-1.12.130.jar:/Users/coopermiller/.m2/repository/com/amazonaws/aws-java-sdk-s3/1.12.130/aws-java-sdk-s3-1.12.130.jar:/Users/coopermiller/.m2/repository/com/amazonaws/aws-java-sdk-kms/1.12.130/aws-java-sdk-kms-1.12.130.jar:/Users/coopermiller/.m2/repository/com/amazonaws/aws-java-sdk-cloudwatch/1.12.130/aws-java-sdk-cloudwatch-1.12.130.jar:/Users/coopermiller/.m2/repository/com/google/guava/guava/31.0.1-jre/guava-31.0.1-jre.jar:/Users/coopermiller/.m2/repository/com/google/guava/failureaccess/1.0.1/failureaccess-1.0.1.jar:/Users/coopermiller/.m2/repository/com/google/guava/listenablefuture/9999.0-empty-to-avoid-conflict-with-guava/listenablefuture-9999.0-empty-to-avoid-conflict-with-guava.jar:/Users/coopermiller/.m2/repository/com/google/code/findbugs/jsr305/3.0.2/jsr305-3.0.2.jar:/Users/coopermiller/.m2/repository/org/checkerframework/checker-qual/3.12.0/checker-qual-3.12.0.jar:/Users/coopermiller/.m2/repository/com/google/errorprone/error_prone_annotations/2.7.1/error_prone_annotations-2.7.1.jar:/Users/coopermiller/.m2/repository/com/google/j2objc/j2objc-annotations/1.3/j2objc-annotations-1.3.jar:/Users/coopermiller/.m2/repository/org/apache/commons/commons-lang3/3.12.0/commons-lang3-3.12.0.jar:/Users/coopermiller/.m2/repository/commons-logging/commons-logging/1.2/commons-logging-1.2.jar:/Users/coopermiller/.m2/repository/com/fasterxml/jackson/core/jackson-core/2.13.0/jackson-core-2.13.0.jar:/Users/coopermiller/.m2/repository/com/amazonaws/amazon-kinesis-producer/0.15.7/amazon-kinesis-producer-0.15.7.jar:/Users/coopermiller/.m2/repository/org/slf4j/slf4j-api/2.0.0/slf4j-api-2.0.0.jar:/Users/coopermiller/.m2/repository/com/google/protobuf/protobuf-java/3.21.12/protobuf-java-3.21.12.jar:/Users/coopermiller/.m2/repository/commons-io/commons-io/2.11.0/commons-io-2.11.0.jar:/Users/coopermiller/.m2/repository/commons-lang/commons-lang/2.6/commons-lang-2.6.jar:/Users/coopermiller/.m2/repository/software/amazon/glue/schema-registry-serde/1.1.13/schema-registry-serde-1.1.13.jar:/Users/coopermiller/.m2/repository/com/amazonaws/aws-java-sdk-sts/1.12.151/aws-java-sdk-sts-1.12.151.jar:/Users/coopermiller/.m2/repository/software/amazon/awssdk/sts/2.17.122/sts-2.17.122.jar:/Users/coopermiller/.m2/repository/software/amazon/awssdk/aws-query-protocol/2.17.122/aws-query-protocol-2.17.122.jar:/Users/coopermiller/.m2/repository/software/amazon/awssdk/protocol-core/2.17.122/protocol-core-2.17.122.jar:/Users/coopermiller/.m2/repository/software/amazon/awssdk/profiles/2.17.122/profiles-2.17.122.jar:/Users/coopermiller/.m2/repository/software/amazon/awssdk/sdk-core/2.17.122/sdk-core-2.17.122.jar:/Users/coopermiller/.m2/repository/org/reactivestreams/reactive-streams/1.0.3/reactive-streams-1.0.3.jar:/Users/coopermiller/.m2/repository/software/amazon/awssdk/auth/2.17.122/auth-2.17.122.jar:/Users/coopermiller/.m2/repository/software/amazon/awssdk/json-utils/2.17.122/json-utils-2.17.122.jar:/Users/coopermiller/.m2/repository/software/amazon/eventstream/eventstream/1.0.1/eventstream-1.0.1.jar:/Users/coopermiller/.m2/repository/software/amazon/awssdk/http-client-spi/2.17.122/http-client-spi-2.17.122.jar:/Users/coopermiller/.m2/repository/software/amazon/awssdk/regions/2.17.122/regions-2.17.122.jar:/Users/coopermiller/.m2/repository/software/amazon/awssdk/annotations/2.17.122/annotations-2.17.122.jar:/Users/coopermiller/.m2/repository/software/amazon/awssdk/utils/2.17.122/utils-2.17.122.jar:/Users/coopermiller/.m2/repository/software/amazon/awssdk/aws-core/2.17.122/aws-core-2.17.122.jar:/Users/coopermiller/.m2/repository/software/amazon/awssdk/metrics-spi/2.17.122/metrics-spi-2.17.122.jar:/Users/coopermiller/.m2/repository/software/amazon/awssdk/apache-client/2.17.122/apache-client-2.17.122.jar:/Users/coopermiller/.m2/repository/software/amazon/awssdk/netty-nio-client/2.17.122/netty-nio-client-2.17.122.jar:/Users/coopermiller/.m2/repository/io/netty/netty-codec-http/4.1.72.Final/netty-codec-http-4.1.72.Final.jar:/Users/coopermiller/.m2/repository/io/netty/netty-codec-http2/4.1.72.Final/netty-codec-http2-4.1.72.Final.jar:/Users/coopermiller/.m2/repository/io/netty/netty-codec/4.1.72.Final/netty-codec-4.1.72.Final.jar:/Users/coopermiller/.m2/repository/io/netty/netty-transport/4.1.72.Final/netty-transport-4.1.72.Final.jar:/Users/coopermiller/.m2/repository/io/netty/netty-resolver/4.1.72.Final/netty-resolver-4.1.72.Final.jar:/Users/coopermiller/.m2/repository/io/netty/netty-common/4.1.72.Final/netty-common-4.1.72.Final.jar:/Users/coopermiller/.m2/repository/io/netty/netty-buffer/4.1.72.Final/netty-buffer-4.1.72.Final.jar:/Users/coopermiller/.m2/repository/io/netty/netty-handler/4.1.72.Final/netty-handler-4.1.72.Final.jar:/Users/coopermiller/.m2/repository/io/netty/netty-tcnative-classes/2.0.46.Final/netty-tcnative-classes-2.0.46.Final.jar:/Users/coopermiller/.m2/repository/io/netty/netty-transport-classes-epoll/4.1.72.Final/netty-transport-classes-epoll-4.1.72.Final.jar:/Users/coopermiller/.m2/repository/io/netty/netty-transport-native-unix-common/4.1.72.Final/netty-transport-native-unix-common-4.1.72.Final.jar:/Users/coopermiller/.m2/repository/com/typesafe/netty/netty-reactive-streams-http/2.0.5/netty-reactive-streams-http-2.0.5.jar:/Users/coopermiller/.m2/repository/com/typesafe/netty/netty-reactive-streams/2.0.5/netty-reactive-streams-2.0.5.jar:/Users/coopermiller/.m2/repository/software/amazon/glue/schema-registry-common/1.1.13/schema-registry-common-1.1.13.jar:/Users/coopermiller/.m2/repository/software/amazon/awssdk/glue/2.17.122/glue-2.17.122.jar:/Users/coopermiller/.m2/repository/software/amazon/glue/schema-registry-build-tools/1.1.13/schema-registry-build-tools-1.1.13.jar:/Users/coopermiller/.m2/repository/software/amazon/awssdk/aws-json-protocol/2.17.122/aws-json-protocol-2.17.122.jar:/Users/coopermiller/.m2/repository/software/amazon/awssdk/third-party-jackson-core/2.17.122/third-party-jackson-core-2.17.122.jar:/Users/coopermiller/.m2/repository/software/amazon/awssdk/url-connection-client/2.17.122/url-connection-client-2.17.122.jar:/Users/coopermiller/.m2/repository/org/apache/avro/avro/1.11.0/avro-1.11.0.jar:/Users/coopermiller/.m2/repository/org/apache/commons/commons-compress/1.21/commons-compress-1.21.jar:/Users/coopermiller/.m2/repository/org/projectlombok/lombok/1.18.20/lombok-1.18.20.jar:/Users/coopermiller/.m2/repository/org/projectlombok/lombok-utils/1.18.12/lombok-utils-1.18.12.jar:/Users/coopermiller/.m2/repository/software/amazon/awssdk/arns/2.17.122/arns-2.17.122.jar:/Users/coopermiller/.m2/repository/org/apache/kafka/kafka-clients/2.8.1/kafka-clients-2.8.1.jar:/Users/coopermiller/.m2/repository/com/github/luben/zstd-jni/1.4.9-1/zstd-jni-1.4.9-1.jar:/Users/coopermiller/.m2/repository/org/lz4/lz4-java/1.7.1/lz4-java-1.7.1.jar:/Users/coopermiller/.m2/repository/org/xerial/snappy/snappy-java/1.1.8.1/snappy-java-1.1.8.1.jar:/Users/coopermiller/.m2/repository/com/kjetland/mbknor-jackson-jsonschema_2.12/1.0.39/mbknor-jackson-jsonschema_2.12-1.0.39.jar:/Users/coopermiller/.m2/repository/org/scala-lang/scala-library/2.12.10/scala-library-2.12.10.jar:/Users/coopermiller/.m2/repository/javax/validation/validation-api/2.0.1.Final/validation-api-2.0.1.Final.jar:/Users/coopermiller/.m2/repository/io/github/classgraph/classgraph/4.8.120/classgraph-4.8.120.jar:/Users/coopermiller/.m2/repository/com/github/erosb/everit-json-schema/1.12.2/everit-json-schema-1.12.2.jar:/Users/coopermiller/.m2/repository/org/json/json/20201115/json-20201115.jar:/Users/coopermiller/.m2/repository/commons-validator/commons-validator/1.6/commons-validator-1.6.jar:/Users/coopermiller/.m2/repository/commons-digester/commons-digester/1.8.1/commons-digester-1.8.1.jar:/Users/coopermiller/.m2/repository/commons-collections/commons-collections/3.2.2/commons-collections-3.2.2.jar:/Users/coopermiller/.m2/repository/com/damnhandy/handy-uri-templates/2.1.8/handy-uri-templates-2.1.8.jar:/Users/coopermiller/.m2/repository/com/google/re2j/re2j/1.3/re2j-1.3.jar:/Users/coopermiller/.m2/repository/org/jetbrains/kotlin/kotlin-stdlib/1.7.10/kotlin-stdlib-1.7.10.jar:/Users/coopermiller/.m2/repository/org/jetbrains/kotlin/kotlin-stdlib-common/1.7.10/kotlin-stdlib-common-1.7.10.jar:/Users/coopermiller/.m2/repository/org/jetbrains/annotations/13.0/annotations-13.0.jar:/Users/coopermiller/.m2/repository/org/jetbrains/kotlin/kotlin-stdlib-jdk8/1.7.10/kotlin-stdlib-jdk8-1.7.10.jar:/Users/coopermiller/.m2/repository/org/jetbrains/kotlin/kotlin-stdlib-jdk7/1.7.10/kotlin-stdlib-jdk7-1.7.10.jar:/Users/coopermiller/.m2/repository/org/jetbrains/kotlin/kotlin-reflect/1.7.10/kotlin-reflect-1.7.10.jar:/Users/coopermiller/.m2/repository/org/jetbrains/kotlin/kotlin-scripting-compiler-impl-embeddable/1.7.10/kotlin-scripting-compiler-impl-embeddable-1.7.10.jar:/Users/coopermiller/.m2/repository/org/jetbrains/kotlin/kotlin-scripting-common/1.7.10/kotlin-scripting-common-1.7.10.jar:/Users/coopermiller/.m2/repository/org/jetbrains/kotlin/kotlin-scripting-jvm/1.7.10/kotlin-scripting-jvm-1.7.10.jar:/Users/coopermiller/.m2/repository/org/jetbrains/kotlin/kotlin-script-runtime/1.7.10/kotlin-script-runtime-1.7.10.jar:/Users/coopermiller/.m2/repository/org/jetbrains/kotlin/kotlin-scripting-compiler-embeddable/1.7.10/kotlin-scripting-compiler-embeddable-1.7.10.jar:/Users/coopermiller/.m2/repository/org/jetbrains/kotlinx/kotlinx-serialization-core-jvm/1.4.0/kotlinx-serialization-core-jvm-1.4.0.jar:/Users/coopermiller/.m2/repository/com/squareup/wire/wire-schema/3.7.1/wire-schema-3.7.1.jar:/Users/coopermiller/.m2/repository/com/squareup/wire/wire-runtime/3.7.1/wire-runtime-3.7.1.jar:/Users/coopermiller/.m2/repository/com/squareup/okio/okio/2.8.0/okio-2.8.0.jar:/Users/coopermiller/.m2/repository/com/squareup/wire/wire-compiler/3.7.1/wire-compiler-3.7.1.jar:/Users/coopermiller/.m2/repository/com/squareup/wire/wire-kotlin-generator/3.7.1/wire-kotlin-generator-3.7.1.jar:/Users/coopermiller/.m2/repository/com/squareup/kotlinpoet/1.7.2/kotlinpoet-1.7.2.jar:/Users/coopermiller/.m2/repository/com/squareup/wire/wire-grpc-server-generator/3.7.1/wire-grpc-server-generator-3.7.1.jar:/Users/coopermiller/.m2/repository/com/squareup/wire/wire-java-generator/3.7.1/wire-java-generator-3.7.1.jar:/Users/coopermiller/.m2/repository/com/squareup/javapoet/1.13.0/javapoet-1.13.0.jar:/Users/coopermiller/.m2/repository/com/squareup/wire/wire-swift-generator/3.7.1/wire-swift-generator-3.7.1.jar:/Users/coopermiller/.m2/repository/io/outfoxx/swiftpoet/1.0.0/swiftpoet-1.0.0.jar:/Users/coopermiller/.m2/repository/com/squareup/wire/wire-profiles/3.7.1/wire-profiles-3.7.1.jar:/Users/coopermiller/.m2/repository/com/charleskorn/kaml/kaml/0.20.0/kaml-0.20.0.jar:/Users/coopermiller/.m2/repository/org/snakeyaml/snakeyaml-engine/2.1/snakeyaml-engine-2.1.jar:/Users/coopermiller/.m2/repository/com/google/api/grpc/proto-google-common-protos/2.7.4/proto-google-common-protos-2.7.4.jar:/Users/coopermiller/.m2/repository/com/google/jimfs/jimfs/1.1/jimfs-1.1.jar:/Users/coopermiller/.m2/repository/javax/xml/bind/jaxb-api/2.3.1/jaxb-api-2.3.1.jar:/Users/coopermiller/.m2/repository/javax/activation/javax.activation-api/1.2.0/javax.activation-api-1.2.0.jar:/Users/coopermiller/.m2/repository/com/sun/xml/bind/jaxb-core/2.3.0.1/jaxb-core-2.3.0.1.jar:/Users/coopermiller/.m2/repository/com/sun/xml/bind/jaxb-impl/2.3.7/jaxb-impl-2.3.7.jar:/Users/coopermiller/.m2/repository/jakarta/xml/bind/jakarta.xml.bind-api/2.3.3/jakarta.xml.bind-api-2.3.3.jar:/Users/coopermiller/.m2/repository/com/sun/activation/jakarta.activation/1.2.2/jakarta.activation-1.2.2.jar:/Users/coopermiller/.m2/repository/com/amazonaws/aws-java-sdk-core/1.12.296/aws-java-sdk-core-1.12.296.jar:/Users/coopermiller/.m2/repository/commons-codec/commons-codec/1.15/commons-codec-1.15.jar:/Users/coopermiller/.m2/repository/org/apache/httpcomponents/httpclient/4.5.13/httpclient-4.5.13.jar:/Users/coopermiller/.m2/repository/org/apache/httpcomponents/httpcore/4.4.13/httpcore-4.4.13.jar:/Users/coopermiller/.m2/repository/software/amazon/ion/ion-java/1.0.2/ion-java-1.0.2.jar:/Users/coopermiller/.m2/repository/com/fasterxml/jackson/core/jackson-databind/2.12.6.1/jackson-databind-2.12.6.1.jar:/Users/coopermiller/.m2/repository/com/fasterxml/jackson/core/jackson-annotations/2.12.6/jackson-annotations-2.12.6.jar:/Users/coopermiller/.m2/repository/com/fasterxml/jackson/dataformat/jackson-dataformat-cbor/2.12.6/jackson-dataformat-cbor-2.12.6.jar:/Users/coopermiller/.m2/repository/joda-time/joda-time/2.8.1/joda-time-2.8.1.jar:/Users/coopermiller/.m2/repository/com/amazonaws/aws-java-sdk-kinesis/1.12.296/aws-java-sdk-kinesis-1.12.296.jar:/Users/coopermiller/.m2/repository/com/amazonaws/jmespath-java/1.12.296/jmespath-java-1.12.296.jar:/Users/coopermiller/.m2/repository/junit/junit/3.8.1/junit-3.8.1.jar:"/>
    <property name="sun.cpu.endian" value="little"/>
    <property name="user.home" value="/Users/coopermiller"/>
    <property name="user.language" value="en"/>
    <property name="java.specification.vendor" value="Oracle Corporation"/>
    <property name="java.version.date" value="2023-04-18"/>
    <property name="java.home" value="/opt/homebrew/Cellar/openjdk/20.0.1/libexec/openjdk.jdk/Contents/Home"/>
    <property name="file.separator" value="/"/>
    <property name="basedir" value="/Users/coopermiller/Development/GitHub/aws-kinesis-stock-data-processing/application/iot-turntables"/>
    <property name="java.vm.compressedOopsMode" value="Zero based"/>
    <property name="line.separator" value="&#10;"/>
    <property name="java.vm.specification.vendor" value="Oracle Corporation"/>
    <property name="java.specification.name" value="Java Platform API Specification"/>
    <property name="apple.awt.application.name" value="ForkedBooter"/>
    <property name="surefire.real.class.path" value="/Users/coopermiller/Development/GitHub/aws-kinesis-stock-data-processing/application/iot-turntables/target/surefire/surefirebooter-20230530151224827_3.jar"/>
    <property name="sun.management.compiler" value="HotSpot 64-Bit Tiered Compilers"/>
    <property name="ftp.nonProxyHosts" value="local|*.local|169.254/16|*.169.254/16"/>
    <property name="java.runtime.version" value="20.0.1"/>
    <property name="user.name" value="coopermiller"/>
    <property name="stdout.encoding" value="UTF-8"/>
    <property name="path.separator" value=":"/>
    <property name="os.version" value="13.2.1"/>
    <property name="java.runtime.name" value="OpenJDK Runtime Environment"/>
    <property name="file.encoding" value="UTF-8"/>
    <property name="java.vm.name" value="OpenJDK 64-Bit Server VM"/>
    <property name="java.vendor.version" value="Homebrew"/>
    <property name="localRepository" value="/Users/coopermiller/.m2/repository"/>
    <property name="java.vendor.url.bug" value="https://github.com/Homebrew/homebrew-core/issues"/>
    <property name="java.io.tmpdir" value="/var/folders/xd/6tywc8l94hl6jk21npj_c3ph0000gn/T/"/>
    <property name="java.version" value="20.0.1"/>
    <property name="user.dir" value="/Users/coopermiller/Development/GitHub/aws-kinesis-stock-data-processing/application/iot-turntables"/>
    <property name="os.arch" value="aarch64"/>
    <property name="java.vm.specification.name" value="Java Virtual Machine Specification"/>
    <property name="native.encoding" value="UTF-8"/>
    <property name="java.library.path" value="/Users/coopermiller/Library/Java/Extensions:/Library/Java/Extensions:/Network/Library/Java/Extensions:/System/Library/Java/Extensions:/usr/lib/java:."/>
    <property name="java.vm.info" value="mixed mode, sharing"/>
    <property name="stderr.encoding" value="UTF-8"/>
    <property name="java.vendor" value="Homebrew"/>
    <property name="java.vm.version" value="20.0.1"/>
    <property name="sun.io.unicode.encoding" value="UnicodeBig"/>
    <property name="socksNonProxyHosts" value="local|*.local|169.254/16|*.169.254/16"/>
    <property name="java.class.version" value="64.0"/>
  </properties>
  <testcase name="testApp" classname="com.crowvinyl.iotturntables.AppTest" time="0.002"/>
</testsuite>